0 info it worked if it ends with ok
1 verbose cli [ 'C:\\Program Files\\nodejs\\node.exe',
1 verbose cli   'C:\\Program Files\\nodejs\\node_modules\\npm\\bin\\npm-cli.js',
1 verbose cli   'run-script',
1 verbose cli   'test' ]
2 info using npm@3.10.9
3 info using node@v6.9.2
4 verbose run-script [ 'pretest', 'test', 'posttest' ]
5 info lifecycle newwa@0.0.1~pretest: newwa@0.0.1
6 silly lifecycle newwa@0.0.1~pretest: no script for pretest, continuing
7 info lifecycle newwa@0.0.1~test: newwa@0.0.1
8 verbose lifecycle newwa@0.0.1~test: unsafe-perm in lifecycle true
9 verbose lifecycle newwa@0.0.1~test: PATH: C:\Program Files\nodejs\node_modules\npm\bin\node-gyp-bin;C:\Users\Remy\Desktop\Projects\NodeJs\Newwa\node_modules\.bin;C:\ProgramData\Oracle\Java\javapath;C:\Python27\;C:\Python27\Scripts;C:\Windows\system32;C:\Windows;C:\Windows\System32\Wbem;C:\Windows\System32\WindowsPowerShell\v1.0\;C:\Program Files (x86)\NVIDIA Corporation\PhysX\Common;%USERPROFILE%\.dnx\bin;C:\Program Files\Microsoft DNX\Dnvm\;C:\Program Files\Microsoft SQL Server\120\Tools\Binn\;C:\Program Files\TortoiseGit\bin;C:\Program Files\Microsoft\Web Platform Installer\;C:\Users\Remy\AppData\Local\Android\sdk\platform-tools\;C:\WINDOWS\system32;C:\WINDOWS;C:\WINDOWS\System32\Wbem;C:\WINDOWS\System32\WindowsPowerShell\v1.0\;C:\Program Files (x86)\Skype\Phone\;C:\Program Files\Git\cmd;C:\Program Files\nodejs\;C:\Program Files (x86)\Windows Kits\8.1\Windows Performance Toolkit\;C:\Users\Remy\.dnx\bin;C:\Users\Remy\Desktop\MOD\COCBot\functions\Custom Funtions\Tesseract\;C:\Users\Remy\AppData\Local\.meteor\;C:\Program Files (x86)\Microsoft VS Code\bin;C:\Users\Remy\AppData\Local\Microsoft\WindowsApps;C:\Users\Remy\AppData\Roaming\npm;C:\Users\Remy\AppData\Local\Microsoft\WindowsApps;C:\Users\Remy\AppData\Roaming\npm
10 verbose lifecycle newwa@0.0.1~test: CWD: C:\Users\Remy\Desktop\Projects\NodeJs\Newwa
11 silly lifecycle newwa@0.0.1~test: Args: [ '/d /s /c', 'echo "Error: no test specified" && exit 1' ]
12 silly lifecycle newwa@0.0.1~test: Returned: code: 1  signal: null
13 info lifecycle newwa@0.0.1~test: Failed to exec test script
14 verbose stack Error: newwa@0.0.1 test: `echo "Error: no test specified" && exit 1`
14 verbose stack Exit status 1
14 verbose stack     at EventEmitter.<anonymous> (C:\Program Files\nodejs\node_modules\npm\lib\utils\lifecycle.js:255:16)
14 verbose stack     at emitTwo (events.js:106:13)
14 verbose stack     at EventEmitter.emit (events.js:191:7)
14 verbose stack     at ChildProcess.<anonymous> (C:\Program Files\nodejs\node_modules\npm\lib\utils\spawn.js:40:14)
14 verbose stack     at emitTwo (events.js:106:13)
14 verbose stack     at ChildProcess.emit (events.js:191:7)
14 verbose stack     at maybeClose (internal/child_process.js:877:16)
14 verbose stack     at Process.ChildProcess._handle.onexit (internal/child_process.js:226:5)
15 verbose pkgid newwa@0.0.1
16 verbose cwd C:\Users\Remy\Desktop\Projects\NodeJs\Newwa
17 error Windows_NT 10.0.15063
18 error argv "C:\\Program Files\\nodejs\\node.exe" "C:\\Program Files\\nodejs\\node_modules\\npm\\bin\\npm-cli.js" "run-script" "test"
19 error node v6.9.2
20 error npm  v3.10.9
21 error code ELIFECYCLE
22 error newwa@0.0.1 test: `echo "Error: no test specified" && exit 1`
22 error Exit status 1
23 error Failed at the newwa@0.0.1 test script 'echo "Error: no test specified" && exit 1'.
23 error Make sure you have the latest version of node.js and npm installed.
23 error If you do, this is most likely a problem with the newwa package,
23 error not with npm itself.
23 error Tell the author that this fails on your system:
23 error     echo "Error: no test specified" && exit 1
23 error You can get information on how to open an issue for this project with:
23 error     npm bugs newwa
23 error Or if that isn't available, you can get their info via:
23 error     npm owner ls newwa
23 error There is likely additional logging output above.
24 verbose exit [ 1, true ]
